2023-12-16 00:54:55,744 WARNING database DDL Query made to DB:
create table `tabInsights Query` (
			name varchar(140) primary key,
			creation datetime(6),
			modified datetime(6),
			modified_by varchar(140),
			owner varchar(140),
			docstatus int(1) not null default '0',
			idx int(8) not null default '0',
			`status` varchar(140) default 'Pending Execution',
`title` varchar(140),
`is_native_query` int(1) not null default 0,
`is_assisted_query` int(1) not null default 0,
`is_script_query` int(1) not null default 0,
`data_source` varchar(140),
`chart` varchar(140),
`is_stored` int(1) not null default 0,
`filters` json default '{\n	\"type\": \"LogicalExpression\",\n	\"operator\": \"&&\",\n	\"level\": 1,\n	\"position\": 1,\n	\"conditions\": []\n}',
`limit` int(11) not null default 500,
`json` longtext default '{}',
`script` longtext,
`script_log` text,
`sql` longtext,
`execution_time` decimal(21,9) not null default 0,
`last_execution` datetime(6),
`_user_tags` text,
`_comments` text,
`_assign` text,
`_liked_by` text,
index `data_source`(`data_source`),
index modified(modified))
			ENGINE=InnoDB
			ROW_FORMAT=DYNAMIC
			CHARACTER SET=utf8mb4
			COLLATE=utf8mb4_unicode_ci
2023-12-16 00:54:55,904 WARNING database DDL Query made to DB:
create table `tabInsights Query Column` (
			name varchar(140) primary key,
			creation datetime(6),
			modified datetime(6),
			modified_by varchar(140),
			owner varchar(140),
			docstatus int(1) not null default '0',
			idx int(8) not null default '0',
			`label` varchar(140),
`column` varchar(140),
`type` varchar(140),
`is_expression` int(1) not null default 0,
`table` varchar(140),
`table_label` varchar(140),
`expression` json,
`aggregation` varchar(140),
`aggregation_condition` longtext,
`format_option` longtext,
`order_by` varchar(140),
parent varchar(140),
parentfield varchar(140),
parenttype varchar(140),
index parent(parent))
			ENGINE=InnoDB
			ROW_FORMAT=DYNAMIC
			CHARACTER SET=utf8mb4
			COLLATE=utf8mb4_unicode_ci
2023-12-16 00:54:56,050 WARNING database DDL Query made to DB:
create table `tabInsights Table Column` (
			name varchar(140) primary key,
			creation datetime(6),
			modified datetime(6),
			modified_by varchar(140),
			owner varchar(140),
			docstatus int(1) not null default '0',
			idx int(8) not null default '0',
			`column` varchar(140),
`label` varchar(140),
`type` varchar(140) default 'String',
parent varchar(140),
parentfield varchar(140),
parenttype varchar(140),
index parent(parent))
			ENGINE=InnoDB
			ROW_FORMAT=DYNAMIC
			CHARACTER SET=utf8mb4
			COLLATE=utf8mb4_unicode_ci
2023-12-16 00:54:56,263 WARNING database DDL Query made to DB:
create table `tabInsights Query Execution Log` (
			name varchar(140) primary key,
			creation datetime(6),
			modified datetime(6),
			modified_by varchar(140),
			owner varchar(140),
			docstatus int(1) not null default '0',
			idx int(8) not null default '0',
			`data_source` varchar(140),
`sql` longtext,
`time_taken` decimal(21,9) not null default 0,
`_user_tags` text,
`_comments` text,
`_assign` text,
`_liked_by` text,
index modified(modified))
			ENGINE=MyISAM
			ROW_FORMAT=DYNAMIC
			CHARACTER SET=utf8mb4
			COLLATE=utf8mb4_unicode_ci
2023-12-16 00:54:56,493 WARNING database DDL Query made to DB:
create table `tabInsights Dashboard` (
			name varchar(140) primary key,
			creation datetime(6),
			modified datetime(6),
			modified_by varchar(140),
			owner varchar(140),
			docstatus int(1) not null default '0',
			idx int(8) not null default '0',
			`title` varchar(140),
`is_public` int(1) not null default 0,
`public_key` varchar(140),
`_user_tags` text,
`_comments` text,
`_assign` text,
`_liked_by` text,
index modified(modified))
			ENGINE=InnoDB
			ROW_FORMAT=DYNAMIC
			CHARACTER SET=utf8mb4
			COLLATE=utf8mb4_unicode_ci
2023-12-16 00:54:56,941 WARNING database DDL Query made to DB:
create table `tabInsights Query Transform` (
			name varchar(140) primary key,
			creation datetime(6),
			modified datetime(6),
			modified_by varchar(140),
			owner varchar(140),
			docstatus int(1) not null default '0',
			idx int(8) not null default '0',
			`type` varchar(140),
`options` json default '{}',
parent varchar(140),
parentfield varchar(140),
parenttype varchar(140),
index parent(parent))
			ENGINE=InnoDB
			ROW_FORMAT=DYNAMIC
			CHARACTER SET=utf8mb4
			COLLATE=utf8mb4_unicode_ci
2023-12-16 00:54:57,089 WARNING database DDL Query made to DB:
create table `tabInsights Query Table` (
			name varchar(140) primary key,
			creation datetime(6),
			modified datetime(6),
			modified_by varchar(140),
			owner varchar(140),
			docstatus int(1) not null default '0',
			idx int(8) not null default '0',
			`label` varchar(140),
`table` varchar(140),
`join` longtext,
parent varchar(140),
parentfield varchar(140),
parenttype varchar(140),
index parent(parent))
			ENGINE=InnoDB
			ROW_FORMAT=DYNAMIC
			CHARACTER SET=utf8mb4
			COLLATE=utf8mb4_unicode_ci
2023-12-16 00:54:57,285 WARNING database DDL Query made to DB:
create sequence if not exists insights_dashboard_item_id_seq nocache nocycle
2023-12-16 00:54:57,317 WARNING database DDL Query made to DB:
create table `tabInsights Dashboard Item` (
			name bigint primary key,
			creation datetime(6),
			modified datetime(6),
			modified_by varchar(140),
			owner varchar(140),
			docstatus int(1) not null default '0',
			idx int(8) not null default '0',
			`item_id` varchar(140),
`item_type` varchar(140),
`options` json,
`layout` json,
parent varchar(140),
parentfield varchar(140),
parenttype varchar(140),
index parent(parent))
			ENGINE=InnoDB
			ROW_FORMAT=DYNAMIC
			CHARACTER SET=utf8mb4
			COLLATE=utf8mb4_unicode_ci
2023-12-16 00:54:57,556 WARNING database DDL Query made to DB:
create table `tabInsights Alert` (
			name varchar(140) primary key,
			creation datetime(6),
			modified datetime(6),
			modified_by varchar(140),
			owner varchar(140),
			docstatus int(1) not null default '0',
			idx int(8) not null default '0',
			`disabled` int(1) not null default 0,
`title` varchar(140),
`channel` varchar(140) default 'Email',
`query` varchar(140),
`frequency` varchar(140) default 'Hourly',
`cron_format` varchar(140),
`last_execution` datetime(6),
`repeat` int(1) not null default 0,
`telegram_chat_id` varchar(140),
`recipients` text,
`condition` longtext,
`message` longtext,
`_user_tags` text,
`_comments` text,
`_assign` text,
`_liked_by` text,
index modified(modified))
			ENGINE=InnoDB
			ROW_FORMAT=DYNAMIC
			CHARACTER SET=utf8mb4
			COLLATE=utf8mb4_unicode_ci
2023-12-16 00:54:57,889 WARNING database DDL Query made to DB:
create table `tabInsights Chart` (
			name varchar(140) primary key,
			creation datetime(6),
			modified datetime(6),
			modified_by varchar(140),
			owner varchar(140),
			docstatus int(1) not null default '0',
			idx int(8) not null default '0',
			`query` varchar(140),
`chart_type` varchar(140),
`options` json default '{}',
`is_public` int(1) not null default 0,
`public_key` varchar(140),
`_user_tags` text,
`_comments` text,
`_assign` text,
`_liked_by` text,
index modified(modified))
			ENGINE=InnoDB
			ROW_FORMAT=DYNAMIC
			CHARACTER SET=utf8mb4
			COLLATE=utf8mb4_unicode_ci
